[2019-10-09 00:34:30.066] [exthost] [info] extension host started
[2019-10-09 00:34:30.098] [exthost] [info] ExtensionService#_doActivateExtension vscode.debug-auto-launch {"startup":true,"activationEvent":"*"}
[2019-10-09 00:34:30.098] [exthost] [info] ExtensionService#loadCommonJSModule file:///snap/code/15/usr/share/code/resources/app/extensions/debug-auto-launch/dist/extension
[2019-10-09 00:34:30.102] [exthost] [info] ExtensionService#_doActivateExtension vscode.emmet {"startup":true,"activationEvent":"*"}
[2019-10-09 00:34:30.102] [exthost] [info] ExtensionService#loadCommonJSModule file:///snap/code/15/usr/share/code/resources/app/extensions/emmet/dist/extension
[2019-10-09 00:34:30.164] [exthost] [info] ExtensionService#_doActivateExtension vscode.git {"startup":true,"activationEvent":"*"}
[2019-10-09 00:34:30.164] [exthost] [info] ExtensionService#loadCommonJSModule file:///snap/code/15/usr/share/code/resources/app/extensions/git/dist/main
[2019-10-09 00:34:30.279] [exthost] [info] ExtensionService#_doActivateExtension vscode.merge-conflict {"startup":true,"activationEvent":"*"}
[2019-10-09 00:34:30.279] [exthost] [info] ExtensionService#loadCommonJSModule file:///snap/code/15/usr/share/code/resources/app/extensions/merge-conflict/dist/extension
[2019-10-09 00:34:30.285] [exthost] [info] ExtensionService#_doActivateExtension christian-kohler.path-intellisense {"startup":true,"activationEvent":"*"}
[2019-10-09 00:34:30.285] [exthost] [info] ExtensionService#loadCommonJSModule file:///home/ironman/.vscode/extensions/christian-kohler.path-intellisense-1.4.2/out/src/extension
[2019-10-09 00:34:33.336] [exthost] [info] ExtensionService#_doActivateExtension CoenraadS.bracket-pair-colorizer {"startup":true,"activationEvent":"*"}
[2019-10-09 00:34:33.336] [exthost] [info] ExtensionService#loadCommonJSModule file:///home/ironman/.vscode/extensions/coenraads.bracket-pair-colorizer-1.0.61/out/src/extension
[2019-10-09 00:34:35.648] [exthost] [info] ExtensionService#_doActivateExtension dbaeumer.vscode-eslint {"startup":true,"activationEvent":"*"}
[2019-10-09 00:34:35.648] [exthost] [info] ExtensionService#loadCommonJSModule file:///home/ironman/.vscode/extensions/dbaeumer.vscode-eslint-1.9.1/client/out/extension
[2019-10-09 00:34:35.808] [exthost] [info] ExtensionService#_doActivateExtension EditorConfig.EditorConfig {"startup":true,"activationEvent":"*"}
[2019-10-09 00:34:35.808] [exthost] [info] ExtensionService#loadCommonJSModule file:///home/ironman/.vscode/extensions/editorconfig.editorconfig-0.13.0/out/src/editorConfigMain
[2019-10-09 00:34:51.182] [exthost] [info] ExtensionService#_doActivateExtension esbenp.prettier-vscode {"startup":true,"activationEvent":"*"}
[2019-10-09 00:34:51.182] [exthost] [info] ExtensionService#loadCommonJSModule file:///home/ironman/.vscode/extensions/esbenp.prettier-vscode-2.3.0/out/extension
[2019-10-09 00:34:59.610] [exthost] [info] ExtensionService#_doActivateExtension formulahendry.auto-close-tag {"startup":true,"activationEvent":"*"}
[2019-10-09 00:34:59.610] [exthost] [info] ExtensionService#loadCommonJSModule file:///home/ironman/.vscode/extensions/formulahendry.auto-close-tag-0.5.6/out/src/extension
[2019-10-09 00:34:59.628] [exthost] [info] ExtensionService#_doActivateExtension formulahendry.auto-rename-tag {"startup":true,"activationEvent":"*"}
[2019-10-09 00:34:59.628] [exthost] [info] ExtensionService#loadCommonJSModule file:///home/ironman/.vscode/extensions/formulahendry.auto-rename-tag-0.1.0/out/src/extension
[2019-10-09 00:34:59.648] [exthost] [info] ExtensionService#_doActivateExtension infinity1207.angular2-switcher {"startup":true,"activationEvent":"*"}
[2019-10-09 00:34:59.648] [exthost] [info] ExtensionService#loadCommonJSModule file:///home/ironman/.vscode/extensions/infinity1207.angular2-switcher-0.2.0/out/src/extension
[2019-10-09 00:34:59.668] [exthost] [info] ExtensionService#_doActivateExtension orepor.color-tabs-vscode-ext {"startup":true,"activationEvent":"*"}
[2019-10-09 00:34:59.668] [exthost] [info] ExtensionService#loadCommonJSModule file:///home/ironman/.vscode/extensions/orepor.color-tabs-vscode-ext-0.9.0/out/extension
[2019-10-09 00:35:00.016] [exthost] [info] ExtensionService#_doActivateExtension vscode-icons-team.vscode-icons {"startup":true,"activationEvent":"*"}
[2019-10-09 00:35:00.016] [exthost] [info] ExtensionService#loadCommonJSModule file:///home/ironman/.vscode/extensions/vscode-icons-team.vscode-icons-9.4.0/dist/src/vscode-icons.bundle.js
[2019-10-09 00:35:00.184] [exthost] [info] eager extensions activated
[2019-10-09 00:35:09.808] [exthost] [info] ExtensionService#_doActivateExtension ms-vscode.csharp {"startup":true,"activationEvent":"workspaceContains:*.csproj,*.sln,*.csx,*.cake,**/*.csproj,**/*.sln,**/*.csx,**/*.cake"}
[2019-10-09 00:35:09.808] [exthost] [info] ExtensionService#loadCommonJSModule file:///home/ironman/.vscode/extensions/ms-vscode.csharp-1.21.4/dist/extension
[2019-10-09 00:35:10.877] [exthost] [info] extension host started
[2019-10-09 00:35:10.888] [exthost] [info] ExtensionService#_doActivateExtension vscode.debug-auto-launch {"startup":true,"activationEvent":"*"}
[2019-10-09 00:35:10.888] [exthost] [info] ExtensionService#loadCommonJSModule file:///snap/code/15/usr/share/code/resources/app/extensions/debug-auto-launch/dist/extension
[2019-10-09 00:35:10.892] [exthost] [info] ExtensionService#_doActivateExtension vscode.emmet {"startup":true,"activationEvent":"*"}
[2019-10-09 00:35:10.892] [exthost] [info] ExtensionService#loadCommonJSModule file:///snap/code/15/usr/share/code/resources/app/extensions/emmet/dist/extension
[2019-10-09 00:35:10.941] [exthost] [info] ExtensionService#_doActivateExtension vscode.git {"startup":true,"activationEvent":"*"}
[2019-10-09 00:35:10.941] [exthost] [info] ExtensionService#loadCommonJSModule file:///snap/code/15/usr/share/code/resources/app/extensions/git/dist/main
[2019-10-09 00:35:11.037] [exthost] [info] ExtensionService#_doActivateExtension vscode.merge-conflict {"startup":true,"activationEvent":"*"}
[2019-10-09 00:35:11.037] [exthost] [info] ExtensionService#loadCommonJSModule file:///snap/code/15/usr/share/code/resources/app/extensions/merge-conflict/dist/extension
[2019-10-09 00:35:11.042] [exthost] [info] ExtensionService#_doActivateExtension christian-kohler.path-intellisense {"startup":true,"activationEvent":"*"}
[2019-10-09 00:35:11.042] [exthost] [info] ExtensionService#loadCommonJSModule file:///home/ironman/.vscode/extensions/christian-kohler.path-intellisense-1.4.2/out/src/extension
[2019-10-09 00:35:11.051] [exthost] [info] ExtensionService#_doActivateExtension CoenraadS.bracket-pair-colorizer {"startup":true,"activationEvent":"*"}
[2019-10-09 00:35:11.051] [exthost] [info] ExtensionService#loadCommonJSModule file:///home/ironman/.vscode/extensions/coenraads.bracket-pair-colorizer-1.0.61/out/src/extension
[2019-10-09 00:35:11.066] [exthost] [info] ExtensionService#_doActivateExtension dbaeumer.vscode-eslint {"startup":true,"activationEvent":"*"}
[2019-10-09 00:35:11.066] [exthost] [info] ExtensionService#loadCommonJSModule file:///home/ironman/.vscode/extensions/dbaeumer.vscode-eslint-1.9.1/client/out/extension
[2019-10-09 00:35:11.104] [exthost] [info] ExtensionService#_doActivateExtension EditorConfig.EditorConfig {"startup":true,"activationEvent":"*"}
[2019-10-09 00:35:11.104] [exthost] [info] ExtensionService#loadCommonJSModule file:///home/ironman/.vscode/extensions/editorconfig.editorconfig-0.13.0/out/src/editorConfigMain
[2019-10-09 00:35:11.129] [exthost] [info] ExtensionService#_doActivateExtension esbenp.prettier-vscode {"startup":true,"activationEvent":"*"}
[2019-10-09 00:35:11.130] [exthost] [info] ExtensionService#loadCommonJSModule file:///home/ironman/.vscode/extensions/esbenp.prettier-vscode-2.3.0/out/extension
[2019-10-09 00:35:11.324] [exthost] [info] ExtensionService#_doActivateExtension formulahendry.auto-close-tag {"startup":true,"activationEvent":"*"}
[2019-10-09 00:35:11.324] [exthost] [info] ExtensionService#loadCommonJSModule file:///home/ironman/.vscode/extensions/formulahendry.auto-close-tag-0.5.6/out/src/extension
[2019-10-09 00:35:11.325] [exthost] [info] ExtensionService#_doActivateExtension formulahendry.auto-rename-tag {"startup":true,"activationEvent":"*"}
[2019-10-09 00:35:11.325] [exthost] [info] ExtensionService#loadCommonJSModule file:///home/ironman/.vscode/extensions/formulahendry.auto-rename-tag-0.1.0/out/src/extension
[2019-10-09 00:35:11.327] [exthost] [info] ExtensionService#_doActivateExtension infinity1207.angular2-switcher {"startup":true,"activationEvent":"*"}
[2019-10-09 00:35:11.327] [exthost] [info] ExtensionService#loadCommonJSModule file:///home/ironman/.vscode/extensions/infinity1207.angular2-switcher-0.2.0/out/src/extension
[2019-10-09 00:35:11.328] [exthost] [info] ExtensionService#_doActivateExtension orepor.color-tabs-vscode-ext {"startup":true,"activationEvent":"*"}
[2019-10-09 00:35:11.329] [exthost] [info] ExtensionService#loadCommonJSModule file:///home/ironman/.vscode/extensions/orepor.color-tabs-vscode-ext-0.9.0/out/extension
[2019-10-09 00:35:11.338] [exthost] [info] ExtensionService#_doActivateExtension vscode-icons-team.vscode-icons {"startup":true,"activationEvent":"*"}
[2019-10-09 00:35:11.338] [exthost] [info] ExtensionService#loadCommonJSModule file:///home/ironman/.vscode/extensions/vscode-icons-team.vscode-icons-9.4.0/dist/src/vscode-icons.bundle.js
[2019-10-09 00:35:11.522] [exthost] [info] ExtensionService#_doActivateExtension ms-vscode.csharp {"startup":true,"activationEvent":"workspaceContains:*.csproj,*.sln,*.csx,*.cake,**/*.csproj,**/*.sln,**/*.csx,**/*.cake"}
[2019-10-09 00:35:11.523] [exthost] [info] ExtensionService#loadCommonJSModule file:///home/ironman/.vscode/extensions/ms-vscode.csharp-1.21.4/dist/extension
[2019-10-09 00:35:11.819] [exthost] [info] eager extensions activated
[2019-10-09 00:35:24.335] [exthost] [info] ExtensionService#_doActivateExtension vscode.configuration-editing {"startup":false,"activationEvent":"onLanguage:jsonc"}
[2019-10-09 00:35:24.335] [exthost] [info] ExtensionService#loadCommonJSModule file:///snap/code/15/usr/share/code/resources/app/extensions/configuration-editing/dist/extension
[2019-10-09 00:35:24.351] [exthost] [info] ExtensionService#_doActivateExtension vscode.json-language-features {"startup":false,"activationEvent":"onLanguage:jsonc"}
[2019-10-09 00:35:24.352] [exthost] [info] ExtensionService#loadCommonJSModule file:///snap/code/15/usr/share/code/resources/app/extensions/json-language-features/client/dist/jsonMain
[2019-10-09 00:35:24.468] [exthost] [info] ExtensionService#_doActivateExtension vscode.typescript-language-features {"startup":false,"activationEvent":"onLanguage:jsonc"}
[2019-10-09 00:35:24.468] [exthost] [info] ExtensionService#loadCommonJSModule file:///snap/code/15/usr/share/code/resources/app/extensions/typescript-language-features/dist/extension
[2019-10-09 00:35:34.616] [exthost] [info] ExtensionService#_doActivateExtension vscode.debug-server-ready {"startup":false,"activationEvent":"onDebugResolve"}
[2019-10-09 00:35:34.616] [exthost] [info] ExtensionService#loadCommonJSModule file:///snap/code/15/usr/share/code/resources/app/extensions/debug-server-ready/dist/extension
[2019-10-09 00:35:34.649] [exthost] [info] ExtensionService#_doActivateExtension vscode.grunt {"startup":false,"activationEvent":"onCommand:workbench.action.tasks.runTask"}
[2019-10-09 00:35:34.649] [exthost] [info] ExtensionService#loadCommonJSModule file:///snap/code/15/usr/share/code/resources/app/extensions/grunt/dist/main
[2019-10-09 00:35:34.653] [exthost] [info] ExtensionService#_doActivateExtension vscode.gulp {"startup":false,"activationEvent":"onCommand:workbench.action.tasks.runTask"}
[2019-10-09 00:35:34.654] [exthost] [info] ExtensionService#loadCommonJSModule file:///snap/code/15/usr/share/code/resources/app/extensions/gulp/dist/main
[2019-10-09 00:35:34.657] [exthost] [info] ExtensionService#_doActivateExtension vscode.jake {"startup":false,"activationEvent":"onCommand:workbench.action.tasks.runTask"}
[2019-10-09 00:35:34.657] [exthost] [info] ExtensionService#loadCommonJSModule file:///snap/code/15/usr/share/code/resources/app/extensions/jake/dist/main
[2019-10-09 00:35:34.661] [exthost] [info] ExtensionService#_doActivateExtension vscode.npm {"startup":false,"activationEvent":"onCommand:workbench.action.tasks.runTask"}
[2019-10-09 00:35:34.661] [exthost] [info] ExtensionService#loadCommonJSModule file:///snap/code/15/usr/share/code/resources/app/extensions/npm/dist/main
[2019-10-09 00:35:57.209] [exthost] [info] ExtensionService#_doActivateExtension vscode.extension-editing {"startup":false,"activationEvent":"onLanguage:json"}
[2019-10-09 00:35:57.209] [exthost] [info] ExtensionService#loadCommonJSModule file:///snap/code/15/usr/share/code/resources/app/extensions/extension-editing/dist/extension
[2019-10-09 00:35:57.259] [exthost] [info] ExtensionService#_doActivateExtension eg2.vscode-npm-script {"startup":false,"activationEvent":"onLanguage:json"}
[2019-10-09 00:35:57.259] [exthost] [info] ExtensionService#loadCommonJSModule file:///home/ironman/.vscode/extensions/eg2.vscode-npm-script-0.3.9/dist/extension
[2019-10-09 00:35:58.208] [exthost] [error] [ms-vscode.csharp] provider FAILED
[2019-10-09 00:35:58.208] [exthost] [error] Problem invoking 'GetCodeActions' on OmniSharp server: Error: Pending request cancelled: /v2/getcodeactions
