Initializing document watcher...
Detected change in configuration: {}
Core/NetDocsCore2_1/Controllers/LoginController.cs: {}
Detected change in configuration: {}
Detected change in configuration: {}
Core/NetDocsCore2_1/Controllers/LoginController.cs: {}
Core/NetDocsCore2_1/Controllers/ValuesController.cs: {}
Core/NetDocsCore2_1/Controllers/LoginController.cs: {}
Core/NetDocsCore2_1/Controllers/ValuesController.cs: {}
Core/NetDocsCore2_1/Controllers/ValuesController.cs: {}
Core/NetDocsCore2_1/Controllers/LoginController.cs: {}
Core/NetDocsCore2_1/Controllers/ValuesController.cs: {}
Core/NetDocsCore2_1/Controllers/ValuesController.cs: {}
Core/NetDocsCore2_1/Controllers/LoginController.cs: {}
Core/NetDocsCore2_1/Controllers/LoginController.cs: {}
Core/NetDocsCore2_1/Controllers/LoginController.cs: Using EditorConfig core...
Core/NetDocsCore2_1/Controllers/LoginController.cs: Using EditorConfig core...
Core/NetDocsCore2_1/Controllers/LoginController.cs: Using EditorConfig core...
Core/NetDocsCore2_1/Controllers/ValuesController.cs: {}
Core/NetDocsCore2_1/Controllers/ValuesController.cs: Using EditorConfig core...
Core/NetDocsCore2_1/Controllers/LoginController.cs: {}
Core/NetDocsCore2_1/Controllers/LoginController.cs: {}
Core/NetDocsCore2_1/Controllers/LoginController.cs: {}
Core/NetDocsCore2_1/Controllers/LoginController.cs: {}
Core/NetDocsCore2_1/Controllers/ValuesController.cs: {}
Core/NetDocsCore2_1/Controllers/ValuesController.cs: Using EditorConfig core...
Core/NetDocsCore2_1/Controllers/ValuesController.cs: Using EditorConfig core...
Core/NetDocsCore2_1/Controllers/ValuesController.cs: Using EditorConfig core...
Core/NetDocsCore2_1/Controllers/LoginController.cs: {}
Core/NetDocsCore2_1/Controllers/ValuesController.cs: {}
Core/NetDocsCore2_1/Controllers/ValuesController.cs: {}
Core/NetDocsCore2_1/Controllers/LoginController.cs: {}
Core/NetDocsCore2_1/Controllers/LoginController.cs: {}
Core/NetDocsCore2_1/Controllers/LoginController.cs: {}
Core/NetDocsCore2_1/Controllers/ValuesController.cs: {}
Core/NetDocsCore2_1/Controllers/LoginController.cs: {}
Core/NetDocsCore2_1/Controllers/LoginController.cs: Using EditorConfig core...
Core/NetDocsCore2_1/Controllers/LoginController.cs: {}
Core/NetDocsCore2_1/Controllers/LoginController.cs: {}
Core/NetDocsCore2_1/Controllers/LoginController.cs: {}
Core/NetDocsCore2_1/Controllers/LoginController.cs: {}
Core/NetDocsCore2_1/Controllers/LoginController.cs: Using EditorConfig core...
Core/NetDocsCore2_1/Controllers/LoginController.cs: Using EditorConfig core...
Core/NetDocsCore2_1/Controllers/LoginController.cs: Using EditorConfig core...
Core/NetDocsCore2_1/Controllers/ValuesController.cs: {}
Core/NetDocsCore2_1/Controllers/ValuesController.cs: Using EditorConfig core...
Core/NetDocsCore2_1/Controllers/LoginController.cs: {}
Core/NetDocsCore2_1/Controllers/LoginController.cs: {}
Core/NetDocsCore2_1/Startup.cs: {}
Core/NetDocsCore2_1/Startup.cs: {}
Core/NetDocsCore2_1/Startup.cs: {}
Core/NetDocsCore2_1/Startup.cs: {}
Core/NetDocsCore2_1/Startup.cs: {}
Core/NetDocsCore2_1/Controllers/LoginController.cs: {}
/Project/NetDocsCore2_1/Assembly/Microsoft/IdentityModel/Tokens/Symbol/Microsoft/IdentityModel/Tokens/[metadata] SecurityTokenDescriptor.cs: {}
Core/NetDocsCore2_1/Controllers/LoginController.cs: {}
Core/NetDocsCore2_1/Controllers/LoginController.cs: {}
Core/NetDocsCore2_1/Controllers/LoginController.cs: {}
Core/NetDocsCore2_1/Controllers/LoginController.cs: Using EditorConfig core...
Core/NetDocsCore2_1/Controllers/LoginController.cs: {}
Core/NetDocsCore2_1/Controllers/LoginController.cs: {}
Core/NetDocsCore2_1/Controllers/LoginController.cs: {}
Core/NetDocsCore2_1/Controllers/LoginController.cs: {}
Core/NetDocsCore2_1/Controllers/LoginController.cs: {}
Core/NetDocsCore2_1/Controllers/LoginController.cs: {}
Core/NetDocsCore2_1/Controllers/LoginController.cs: Using EditorConfig core...
Core/NetDocsCore2_1/Controllers/LoginController.cs: Using EditorConfig core...
Core/NetDocsCore2_1/Controllers/ValuesController.cs: {}
Core/NetDocsCore2_1/Controllers/ValuesController.cs: Using EditorConfig core...
Core/NetDocsCore2_1/Controllers/ValuesController.cs: Using EditorConfig core...
Core/NetDocsCore2_1/Controllers/ValuesController.cs: Using EditorConfig core...
Core/NetDocsCore2_1/Startup.cs: Using EditorConfig core...
Core/NetDocsCore2_1/Controllers/LoginController.cs: {}
Core/NetDocsCore2_1/Controllers/ValuesController.cs: {}
Core/NetDocsCore2_1/Controllers/LoginController.cs: {}
Core/NetDocsCore2_1/Controllers/LoginController.cs: {}
Core/NetDocsCore2_1/Controllers/ValuesController.cs: {}
Core/NetDocsCore2_1/Controllers/ValuesController.cs: Using EditorConfig core...
Core/NetDocsCore2_1/Controllers/LoginController.cs: {}
Core/NetDocsCore2_1/Controllers/ValuesController.cs: {}
Core/NetDocsCore2_1/Controllers/LoginController.cs: {}
Core/NetDocsCore2_1/Controllers/LoginController.cs: {}
Core/NetDocsCore2_1/Controllers/LoginController.cs: {}
