Initializing document watcher...
Detected change in configuration: {}
Detected change in configuration: {}
Core/NetDocsCore2_1/Program.cs: {}
Detected change in configuration: {}
Core/NetDocsCore2_1/Program.cs: {}
Core/NetDocsCore2_1/libman.json: {}
Core/NetDocsCore2_1/Program.cs: {}
Core/NetDocsCore2_1/appsettings.json: {}
Core/NetDocsCore2_1/appsettings.Development.json: {}
Core/NetDocsCore2_1/Program.cs: {}
Core/NetDocsCore2_1/obj/project.assets.json: {}
Core/NetDocsCore2_1/Properties/launchSettings.json: {}
Core/NetDocsCore2_1/Properties/launchSettings.json: Using EditorConfig core...
Core/NetDocsCore2_1/Properties/launchSettings.json: {}
Core/NetDocsCore2_1/Program.cs: {}
Core/NetDocsCore2_1/Properties/launchSettings.json: {}
Core/NetDocsCore2_1/appsettings.json: {}
Core/NetDocsCore2_1/Properties/launchSettings.json: {}
Core/NetDocsCore2_1/Properties/launchSettings.json: Using EditorConfig core...
Core/NetDocsCore2_1/Program.cs: {}
Core/NetDocsCore2_1/Properties/launchSettings.json: {}
Core/NetDocsCore2_1/Properties/launchSettings.json: Using EditorConfig core...
Core/NetDocsCore2_1/Properties/launchSettings.json: Using EditorConfig core...
Core/NetDocsCore2_1/Properties/launchSettings.json: Using EditorConfig core...
Core/NetDocsCore2_1/Properties/launchSettings.json: {}
Core/NetDocsCore2_1/Properties/launchSettings.json: {}
Core/NetDocsCore2_1/Properties/launchSettings.json: Using EditorConfig core...
Core/NetDocsCore2_1/Properties/launchSettings.json: Using EditorConfig core...
Core/NetDocsCore2_1/Properties/launchSettings.json: Using EditorConfig core...
Core/NetDocsCore2_1/Properties/launchSettings.json: Using EditorConfig core...
Core/NetDocsCore2_1/Program.cs: {}
