Starting OmniSharp server at 10/9/2019, 12:35:12 AM
    Target: /home/ironman/Documents/GitHub/Core/NetDocsWebApi.sln

OmniSharp server started.
    Path: /home/ironman/.vscode/extensions/ms-vscode.csharp-1.21.4/.omnisharp/1.34.4/run
    PID: 17283

[info]: OmniSharp.Stdio.Host
        Starting OmniSharp on ubuntu 18.4 (x64)
[info]: OmniSharp.Services.DotNetCliService
        DotNetPath set to dotnet
[info]: OmniSharp.MSBuild.Discovery.MSBuildLocator
        Located 1 MSBuild instance(s)
            1: StandAlone 16.0 - "/home/ironman/.vscode/extensions/ms-vscode.csharp-1.21.4/.omnisharp/1.34.4/omnisharp/.msbuild/Current/Bin"
[info]: OmniSharp.MSBuild.Discovery.MSBuildLocator
        MSBUILD_EXE_PATH environment variable set to '/home/ironman/.vscode/extensions/ms-vscode.csharp-1.21.4/.omnisharp/1.34.4/omnisharp/.msbuild/Current/Bin/MSBuild.dll'
[info]: OmniSharp.MSBuild.Discovery.MSBuildLocator
        Registered MSBuild instance: StandAlone 16.0 - "/home/ironman/.vscode/extensions/ms-vscode.csharp-1.21.4/.omnisharp/1.34.4/omnisharp/.msbuild/Current/Bin"
            MSBuildExtensionsPath = /home/ironman/.vscode/extensions/ms-vscode.csharp-1.21.4/.omnisharp/1.34.4/omnisharp/.msbuild
            BypassFrameworkInstallChecks = true
            CscToolPath = /home/ironman/.vscode/extensions/ms-vscode.csharp-1.21.4/.omnisharp/1.34.4/omnisharp/.msbuild/Current/Bin/Roslyn
            CscToolExe = csc.exe
            MSBuildToolsPath = /home/ironman/.vscode/extensions/ms-vscode.csharp-1.21.4/.omnisharp/1.34.4/omnisharp/.msbuild/Current/Bin
[info]: OmniSharp.Cake.CakeProjectSystem
        Detecting Cake files in '/home/ironman/Documents/GitHub/Core'.
[info]: OmniSharp.Cake.CakeProjectSystem
        Could not find any Cake files
[info]: OmniSharp.MSBuild.ProjectSystem
        Detecting projects in '/home/ironman/Documents/GitHub/Core/NetDocsWebApi.sln'.
[info]: OmniSharp.MSBuild.ProjectManager
        Queue project update for '/home/ironman/Documents/GitHub/Core/NetDocsCore2_1/NetDocsCore2_1.csproj'
[info]: OmniSharp.MSBuild.ProjectManager
        Queue project update for '/home/ironman/Documents/GitHub/Core/Infra/Infra.csproj'
[info]: OmniSharp.MSBuild.ProjectManager
        Queue project update for '/home/ironman/Documents/GitHub/Core/Infra.CrossCutting2/Infra.CrossCutting2.csproj'
[info]: OmniSharp.MSBuild.ProjectManager
        Queue project update for '/home/ironman/Documents/GitHub/Core/MyBI.Domain1/MyBI.Domain1.csproj'
[info]: OmniSharp.MSBuild.ProjectManager
        Queue project update for '/home/ironman/Documents/GitHub/Core/MyBI.Application1/MyBI.Application1.csproj'
[info]: OmniSharp.Script.ScriptProjectSystem
        Detecting CSX files in '/home/ironman/Documents/GitHub/Core'.
[info]: OmniSharp.MSBuild.ProjectManager
        Loading project: /home/ironman/Documents/GitHub/Core/NetDocsCore2_1/NetDocsCore2_1.csproj
[info]: OmniSharp.Script.ScriptProjectSystem
        Could not find any CSX files
[info]: OmniSharp.WorkspaceInitializer
        Invoking Workspace Options Provider: OmniSharp.Roslyn.CSharp.Services.CSharpFormattingWorkspaceOptionsProvider, Order: 0
[info]: OmniSharp.WorkspaceInitializer
        Invoking Workspace Options Provider: OmniSharp.Roslyn.CSharp.Services.RenameWorkspaceOptionsProvider, Order: 100
[info]: OmniSharp.WorkspaceInitializer
        Invoking Workspace Options Provider: OmniSharp.Roslyn.CSharp.Services.EditorConfigWorkspaceOptionsProvider, Order: 200
[info]: OmniSharp.WorkspaceInitializer
        Configuration finished.
[info]: OmniSharp.Stdio.Host
        Omnisharp server running using Stdio at location '/home/ironman/Documents/GitHub/Core' on host 17197.
[info]: OmniSharp.MSBuild.ProjectManager
        Successfully loaded project file '/home/ironman/Documents/GitHub/Core/NetDocsCore2_1/NetDocsCore2_1.csproj'.
[info]: OmniSharp.MSBuild.ProjectManager
        Adding project '/home/ironman/Documents/GitHub/Core/NetDocsCore2_1/NetDocsCore2_1.csproj'
[info]: OmniSharp.MSBuild.ProjectManager
        Loading project: /home/ironman/Documents/GitHub/Core/Infra/Infra.csproj
[info]: OmniSharp.MSBuild.ProjectManager
        Successfully loaded project file '/home/ironman/Documents/GitHub/Core/Infra/Infra.csproj'.
[info]: OmniSharp.MSBuild.ProjectManager
        Adding project '/home/ironman/Documents/GitHub/Core/Infra/Infra.csproj'
[info]: OmniSharp.MSBuild.ProjectManager
        Loading project: /home/ironman/Documents/GitHub/Core/Infra.CrossCutting2/Infra.CrossCutting2.csproj
[info]: OmniSharp.MSBuild.ProjectManager
        Successfully loaded project file '/home/ironman/Documents/GitHub/Core/Infra.CrossCutting2/Infra.CrossCutting2.csproj'.
[info]: OmniSharp.MSBuild.ProjectManager
        Adding project '/home/ironman/Documents/GitHub/Core/Infra.CrossCutting2/Infra.CrossCutting2.csproj'
[info]: OmniSharp.MSBuild.ProjectManager
        Loading project: /home/ironman/Documents/GitHub/Core/MyBI.Domain1/MyBI.Domain1.csproj
[info]: OmniSharp.MSBuild.ProjectManager
        Successfully loaded project file '/home/ironman/Documents/GitHub/Core/MyBI.Domain1/MyBI.Domain1.csproj'.
[info]: OmniSharp.MSBuild.ProjectManager
        Adding project '/home/ironman/Documents/GitHub/Core/MyBI.Domain1/MyBI.Domain1.csproj'
[info]: OmniSharp.MSBuild.ProjectManager
        Loading project: /home/ironman/Documents/GitHub/Core/MyBI.Application1/MyBI.Application1.csproj
[info]: OmniSharp.MSBuild.ProjectManager
        Successfully loaded project file '/home/ironman/Documents/GitHub/Core/MyBI.Application1/MyBI.Application1.csproj'.
[info]: OmniSharp.MSBuild.ProjectManager
        Adding project '/home/ironman/Documents/GitHub/Core/MyBI.Application1/MyBI.Application1.csproj'
[info]: OmniSharp.MSBuild.ProjectManager
        Update project: NetDocsCore2_1
[info]: OmniSharp.MSBuild.ProjectManager
        Update project: Infra
[info]: OmniSharp.MSBuild.ProjectManager
        Update project: Infra.CrossCutting2
[info]: OmniSharp.MSBuild.ProjectManager
        Update project: MyBI.Domain1
[info]: OmniSharp.MSBuild.ProjectManager
        Update project: MyBI.Application1
[info]: OmniSharp.Roslyn.CSharp.Services.Refactoring.V2.CachingCodeFixProviderForProjects
        Skipping code fix provider 'Microsoft.CodeAnalysis.Analyzers.MetaAnalyzers.CodeFixes.ApplyDiagnosticAnalyzerAttributeFix' because its language doesn't match 'C#'.
